ERROR - 2024-06-14 00:05:42 --> mysqli_sql_exception: Cannot add or update a child row: a foreign key constraint fails (`biblioteca`.`emprestimo`, CONSTRAINT `emprestimo_ibfk_2` FOREIGN KEY (`id_aluno`) REFERENCES `aluno` (`id`)) in C:\xampp\htdocs\biblioteca\system\Database\MySQLi\Connection.php:306
Stack trace:
#0 C:\xampp\htdocs\biblioteca\system\Database\MySQLi\Connection.php(306): mysqli->query('INSERT INTO `em...', 0)
#1 C:\xampp\htdocs\biblioteca\system\Database\BaseConnection.php(693): CodeIgniter\Database\MySQLi\Connection->execute('INSERT INTO `em...')
#2 C:\xampp\htdocs\biblioteca\system\Database\BaseConnection.php(607): CodeIgniter\Database\BaseConnection->simpleQuery('INSERT INTO `em...')
#3 C:\xampp\htdocs\biblioteca\system\Database\BaseBuilder.php(2307): CodeIgniter\Database\BaseConnection->query('INSERT INTO `em...', Array, false)
#4 C:\xampp\htdocs\biblioteca\system\Model.php(326): CodeIgniter\Database\BaseBuilder->insert()
#5 C:\xampp\htdocs\biblioteca\system\BaseModel.php(802): CodeIgniter\Model->doInsert(Array)
#6 C:\xampp\htdocs\biblioteca\system\Model.php(744): CodeIgniter\BaseModel->insert(Array, false)
#7 C:\xampp\htdocs\biblioteca\system\BaseModel.php(713): CodeIgniter\Model->insert(Array, false)
#8 C:\xampp\htdocs\biblioteca\app\Controllers\Emprestimo.php(39): CodeIgniter\BaseModel->save(Array)
#9 C:\xampp\htdocs\biblioteca\system\CodeIgniter.php(941): App\Controllers\Emprestimo->cadastrar()
#10 C:\xampp\htdocs\biblioteca\system\CodeIgniter.php(502): CodeIgniter\CodeIgniter->runController(Object(App\Controllers\Emprestimo))
#11 C:\xampp\htdocs\biblioteca\system\CodeIgniter.php(361): CodeIgniter\CodeIgniter->handleRequest(NULL, Object(Config\Cache), false)
#12 C:\xampp\htdocs\biblioteca\public\index.php(79): CodeIgniter\CodeIgniter->run()
#13 C:\xampp\htdocs\biblioteca\system\Commands\Server\rewrite.php(47): require_once('C:\\xampp\\htdocs...')
#14 {main}
CRITICAL - 2024-06-14 00:05:42 --> CodeIgniter\Database\Exceptions\DatabaseException: Cannot add or update a child row: a foreign key constraint fails (`biblioteca`.`emprestimo`, CONSTRAINT `emprestimo_ibfk_2` FOREIGN KEY (`id_aluno`) REFERENCES `aluno` (`id`))
in SYSTEMPATH\Database\BaseConnection.php on line 647.
 1 SYSTEMPATH\Database\BaseBuilder.php(2307): CodeIgniter\Database\BaseConnection->query('INSERT INTO `emprestimo` (`data_inicio`, `data_prazo`, `id_aluno`, `id_usuario`) VALUES (:data_inicio:, :data_prazo:, :id_aluno:, :id_usuario:)', [...], false)
 2 SYSTEMPATH\Model.php(326): CodeIgniter\Database\BaseBuilder->insert()
 3 SYSTEMPATH\BaseModel.php(802): CodeIgniter\Model->doInsert([...])
 4 SYSTEMPATH\Model.php(744): CodeIgniter\BaseModel->insert([...], false)
 5 SYSTEMPATH\BaseModel.php(713): CodeIgniter\Model->insert([...], false)
 6 APPPATH\Controllers\Emprestimo.php(39): CodeIgniter\BaseModel->save([...])
 7 SYSTEMPATH\CodeIgniter.php(941): App\Controllers\Emprestimo->cadastrar()
 8 SYSTEMPATH\CodeIgniter.php(502): CodeIgniter\CodeIgniter->runController(Object(App\Controllers\Emprestimo))
 9 SYSTEMPATH\CodeIgniter.php(361): CodeIgniter\CodeIgniter->handleRequest(null, Object(Config\Cache), false)
10 FCPATH\index.php(79): CodeIgniter\CodeIgniter->run()
11 SYSTEMPATH\Commands\Server\rewrite.php(47): require_once('C:\\xampp\\htdocs\\biblioteca\\public\\index.php')
CRITICAL - 2024-06-14 00:05:42 --> [Caused by] CodeIgniter\Database\Exceptions\DatabaseException: Cannot add or update a child row: a foreign key constraint fails (`biblioteca`.`emprestimo`, CONSTRAINT `emprestimo_ibfk_2` FOREIGN KEY (`id_aluno`) REFERENCES `aluno` (`id`))
in SYSTEMPATH\Database\MySQLi\Connection.php on line 311.
 1 SYSTEMPATH\Database\BaseConnection.php(693): CodeIgniter\Database\MySQLi\Connection->execute('INSERT INTO `emprestimo` (`data_inicio`, `data_prazo`, `id_aluno`, `id_usuario`) VALUES (\'2024-06-13\', \'111\', \'Selecione um Aluno\', \'Selecione um Usuario\')')
 2 SYSTEMPATH\Database\BaseConnection.php(607): CodeIgniter\Database\BaseConnection->simpleQuery('INSERT INTO `emprestimo` (`data_inicio`, `data_prazo`, `id_aluno`, `id_usuario`) VALUES (\'2024-06-13\', \'111\', \'Selecione um Aluno\', \'Selecione um Usuario\')')
 3 SYSTEMPATH\Database\BaseBuilder.php(2307): CodeIgniter\Database\BaseConnection->query('INSERT INTO `emprestimo` (`data_inicio`, `data_prazo`, `id_aluno`, `id_usuario`) VALUES (:data_inicio:, :data_prazo:, :id_aluno:, :id_usuario:)', [...], false)
 4 SYSTEMPATH\Model.php(326): CodeIgniter\Database\BaseBuilder->insert()
 5 SYSTEMPATH\BaseModel.php(802): CodeIgniter\Model->doInsert([...])
 6 SYSTEMPATH\Model.php(744): CodeIgniter\BaseModel->insert([...], false)
 7 SYSTEMPATH\BaseModel.php(713): CodeIgniter\Model->insert([...], false)
 8 APPPATH\Controllers\Emprestimo.php(39): CodeIgniter\BaseModel->save([...])
 9 SYSTEMPATH\CodeIgniter.php(941): App\Controllers\Emprestimo->cadastrar()
10 SYSTEMPATH\CodeIgniter.php(502): CodeIgniter\CodeIgniter->runController(Object(App\Controllers\Emprestimo))
11 SYSTEMPATH\CodeIgniter.php(361): CodeIgniter\CodeIgniter->handleRequest(null, Object(Config\Cache), false)
12 FCPATH\index.php(79): CodeIgniter\CodeIgniter->run()
13 SYSTEMPATH\Commands\Server\rewrite.php(47): require_once('C:\\xampp\\htdocs\\biblioteca\\public\\index.php')
CRITICAL - 2024-06-14 00:05:42 --> [Caused by] mysqli_sql_exception: Cannot add or update a child row: a foreign key constraint fails (`biblioteca`.`emprestimo`, CONSTRAINT `emprestimo_ibfk_2` FOREIGN KEY (`id_aluno`) REFERENCES `aluno` (`id`))
in SYSTEMPATH\Database\MySQLi\Connection.php on line 306.
 1 SYSTEMPATH\Database\MySQLi\Connection.php(306): mysqli->query('INSERT INTO `emprestimo` (`data_inicio`, `data_prazo`, `id_aluno`, `id_usuario`) VALUES (\'2024-06-13\', \'111\', \'Selecione um Aluno\', \'Selecione um Usuario\')', 0)
 2 SYSTEMPATH\Database\BaseConnection.php(693): CodeIgniter\Database\MySQLi\Connection->execute('INSERT INTO `emprestimo` (`data_inicio`, `data_prazo`, `id_aluno`, `id_usuario`) VALUES (\'2024-06-13\', \'111\', \'Selecione um Aluno\', \'Selecione um Usuario\')')
 3 SYSTEMPATH\Database\BaseConnection.php(607): CodeIgniter\Database\BaseConnection->simpleQuery('INSERT INTO `emprestimo` (`data_inicio`, `data_prazo`, `id_aluno`, `id_usuario`) VALUES (\'2024-06-13\', \'111\', \'Selecione um Aluno\', \'Selecione um Usuario\')')
 4 SYSTEMPATH\Database\BaseBuilder.php(2307): CodeIgniter\Database\BaseConnection->query('INSERT INTO `emprestimo` (`data_inicio`, `data_prazo`, `id_aluno`, `id_usuario`) VALUES (:data_inicio:, :data_prazo:, :id_aluno:, :id_usuario:)', [...], false)
 5 SYSTEMPATH\Model.php(326): CodeIgniter\Database\BaseBuilder->insert()
 6 SYSTEMPATH\BaseModel.php(802): CodeIgniter\Model->doInsert([...])
 7 SYSTEMPATH\Model.php(744): CodeIgniter\BaseModel->insert([...], false)
 8 SYSTEMPATH\BaseModel.php(713): CodeIgniter\Model->insert([...], false)
 9 APPPATH\Controllers\Emprestimo.php(39): CodeIgniter\BaseModel->save([...])
10 SYSTEMPATH\CodeIgniter.php(941): App\Controllers\Emprestimo->cadastrar()
11 SYSTEMPATH\CodeIgniter.php(502): CodeIgniter\CodeIgniter->runController(Object(App\Controllers\Emprestimo))
12 SYSTEMPATH\CodeIgniter.php(361): CodeIgniter\CodeIgniter->handleRequest(null, Object(Config\Cache), false)
13 FCPATH\index.php(79): CodeIgniter\CodeIgniter->run()
14 SYSTEMPATH\Commands\Server\rewrite.php(47): require_once('C:\\xampp\\htdocs\\biblioteca\\public\\index.php')
ERROR - 2024-06-14 00:06:54 --> mysqli_sql_exception: Cannot add or update a child row: a foreign key constraint fails (`biblioteca`.`emprestimo`, CONSTRAINT `emprestimo_ibfk_3` FOREIGN KEY (`id_usuario`) REFERENCES `usuario` (`id`)) in C:\xampp\htdocs\biblioteca\system\Database\MySQLi\Connection.php:306
Stack trace:
#0 C:\xampp\htdocs\biblioteca\system\Database\MySQLi\Connection.php(306): mysqli->query('INSERT INTO `em...', 0)
#1 C:\xampp\htdocs\biblioteca\system\Database\BaseConnection.php(693): CodeIgniter\Database\MySQLi\Connection->execute('INSERT INTO `em...')
#2 C:\xampp\htdocs\biblioteca\system\Database\BaseConnection.php(607): CodeIgniter\Database\BaseConnection->simpleQuery('INSERT INTO `em...')
#3 C:\xampp\htdocs\biblioteca\system\Database\BaseBuilder.php(2307): CodeIgniter\Database\BaseConnection->query('INSERT INTO `em...', Array, false)
#4 C:\xampp\htdocs\biblioteca\system\Model.php(326): CodeIgniter\Database\BaseBuilder->insert()
#5 C:\xampp\htdocs\biblioteca\system\BaseModel.php(802): CodeIgniter\Model->doInsert(Array)
#6 C:\xampp\htdocs\biblioteca\system\Model.php(744): CodeIgniter\BaseModel->insert(Array, false)
#7 C:\xampp\htdocs\biblioteca\system\BaseModel.php(713): CodeIgniter\Model->insert(Array, false)
#8 C:\xampp\htdocs\biblioteca\app\Controllers\Emprestimo.php(39): CodeIgniter\BaseModel->save(Array)
#9 C:\xampp\htdocs\biblioteca\system\CodeIgniter.php(941): App\Controllers\Emprestimo->cadastrar()
#10 C:\xampp\htdocs\biblioteca\system\CodeIgniter.php(502): CodeIgniter\CodeIgniter->runController(Object(App\Controllers\Emprestimo))
#11 C:\xampp\htdocs\biblioteca\system\CodeIgniter.php(361): CodeIgniter\CodeIgniter->handleRequest(NULL, Object(Config\Cache), false)
#12 C:\xampp\htdocs\biblioteca\public\index.php(79): CodeIgniter\CodeIgniter->run()
#13 C:\xampp\htdocs\biblioteca\system\Commands\Server\rewrite.php(47): require_once('C:\\xampp\\htdocs...')
#14 {main}
CRITICAL - 2024-06-14 00:06:54 --> CodeIgniter\Database\Exceptions\DatabaseException: Cannot add or update a child row: a foreign key constraint fails (`biblioteca`.`emprestimo`, CONSTRAINT `emprestimo_ibfk_3` FOREIGN KEY (`id_usuario`) REFERENCES `usuario` (`id`))
in SYSTEMPATH\Database\BaseConnection.php on line 647.
 1 SYSTEMPATH\Database\BaseBuilder.php(2307): CodeIgniter\Database\BaseConnection->query('INSERT INTO `emprestimo` (`data_inicio`, `data_prazo`, `id_aluno`, `id_usuario`) VALUES (:data_inicio:, :data_prazo:, :id_aluno:, :id_usuario:)', [...], false)
 2 SYSTEMPATH\Model.php(326): CodeIgniter\Database\BaseBuilder->insert()
 3 SYSTEMPATH\BaseModel.php(802): CodeIgniter\Model->doInsert([...])
 4 SYSTEMPATH\Model.php(744): CodeIgniter\BaseModel->insert([...], false)
 5 SYSTEMPATH\BaseModel.php(713): CodeIgniter\Model->insert([...], false)
 6 APPPATH\Controllers\Emprestimo.php(39): CodeIgniter\BaseModel->save([...])
 7 SYSTEMPATH\CodeIgniter.php(941): App\Controllers\Emprestimo->cadastrar()
 8 SYSTEMPATH\CodeIgniter.php(502): CodeIgniter\CodeIgniter->runController(Object(App\Controllers\Emprestimo))
 9 SYSTEMPATH\CodeIgniter.php(361): CodeIgniter\CodeIgniter->handleRequest(null, Object(Config\Cache), false)
10 FCPATH\index.php(79): CodeIgniter\CodeIgniter->run()
11 SYSTEMPATH\Commands\Server\rewrite.php(47): require_once('C:\\xampp\\htdocs\\biblioteca\\public\\index.php')
CRITICAL - 2024-06-14 00:06:54 --> [Caused by] CodeIgniter\Database\Exceptions\DatabaseException: Cannot add or update a child row: a foreign key constraint fails (`biblioteca`.`emprestimo`, CONSTRAINT `emprestimo_ibfk_3` FOREIGN KEY (`id_usuario`) REFERENCES `usuario` (`id`))
in SYSTEMPATH\Database\MySQLi\Connection.php on line 311.
 1 SYSTEMPATH\Database\BaseConnection.php(693): CodeIgniter\Database\MySQLi\Connection->execute('INSERT INTO `emprestimo` (`data_inicio`, `data_prazo`, `id_aluno`, `id_usuario`) VALUES (\'2024-06-13\', \'\', \'1\', \'Selecione um Usuario\')')
 2 SYSTEMPATH\Database\BaseConnection.php(607): CodeIgniter\Database\BaseConnection->simpleQuery('INSERT INTO `emprestimo` (`data_inicio`, `data_prazo`, `id_aluno`, `id_usuario`) VALUES (\'2024-06-13\', \'\', \'1\', \'Selecione um Usuario\')')
 3 SYSTEMPATH\Database\BaseBuilder.php(2307): CodeIgniter\Database\BaseConnection->query('INSERT INTO `emprestimo` (`data_inicio`, `data_prazo`, `id_aluno`, `id_usuario`) VALUES (:data_inicio:, :data_prazo:, :id_aluno:, :id_usuario:)', [...], false)
 4 SYSTEMPATH\Model.php(326): CodeIgniter\Database\BaseBuilder->insert()
 5 SYSTEMPATH\BaseModel.php(802): CodeIgniter\Model->doInsert([...])
 6 SYSTEMPATH\Model.php(744): CodeIgniter\BaseModel->insert([...], false)
 7 SYSTEMPATH\BaseModel.php(713): CodeIgniter\Model->insert([...], false)
 8 APPPATH\Controllers\Emprestimo.php(39): CodeIgniter\BaseModel->save([...])
 9 SYSTEMPATH\CodeIgniter.php(941): App\Controllers\Emprestimo->cadastrar()
10 SYSTEMPATH\CodeIgniter.php(502): CodeIgniter\CodeIgniter->runController(Object(App\Controllers\Emprestimo))
11 SYSTEMPATH\CodeIgniter.php(361): CodeIgniter\CodeIgniter->handleRequest(null, Object(Config\Cache), false)
12 FCPATH\index.php(79): CodeIgniter\CodeIgniter->run()
13 SYSTEMPATH\Commands\Server\rewrite.php(47): require_once('C:\\xampp\\htdocs\\biblioteca\\public\\index.php')
CRITICAL - 2024-06-14 00:06:54 --> [Caused by] mysqli_sql_exception: Cannot add or update a child row: a foreign key constraint fails (`biblioteca`.`emprestimo`, CONSTRAINT `emprestimo_ibfk_3` FOREIGN KEY (`id_usuario`) REFERENCES `usuario` (`id`))
in SYSTEMPATH\Database\MySQLi\Connection.php on line 306.
 1 SYSTEMPATH\Database\MySQLi\Connection.php(306): mysqli->query('INSERT INTO `emprestimo` (`data_inicio`, `data_prazo`, `id_aluno`, `id_usuario`) VALUES (\'2024-06-13\', \'\', \'1\', \'Selecione um Usuario\')', 0)
 2 SYSTEMPATH\Database\BaseConnection.php(693): CodeIgniter\Database\MySQLi\Connection->execute('INSERT INTO `emprestimo` (`data_inicio`, `data_prazo`, `id_aluno`, `id_usuario`) VALUES (\'2024-06-13\', \'\', \'1\', \'Selecione um Usuario\')')
 3 SYSTEMPATH\Database\BaseConnection.php(607): CodeIgniter\Database\BaseConnection->simpleQuery('INSERT INTO `emprestimo` (`data_inicio`, `data_prazo`, `id_aluno`, `id_usuario`) VALUES (\'2024-06-13\', \'\', \'1\', \'Selecione um Usuario\')')
 4 SYSTEMPATH\Database\BaseBuilder.php(2307): CodeIgniter\Database\BaseConnection->query('INSERT INTO `emprestimo` (`data_inicio`, `data_prazo`, `id_aluno`, `id_usuario`) VALUES (:data_inicio:, :data_prazo:, :id_aluno:, :id_usuario:)', [...], false)
 5 SYSTEMPATH\Model.php(326): CodeIgniter\Database\BaseBuilder->insert()
 6 SYSTEMPATH\BaseModel.php(802): CodeIgniter\Model->doInsert([...])
 7 SYSTEMPATH\Model.php(744): CodeIgniter\BaseModel->insert([...], false)
 8 SYSTEMPATH\BaseModel.php(713): CodeIgniter\Model->insert([...], false)
 9 APPPATH\Controllers\Emprestimo.php(39): CodeIgniter\BaseModel->save([...])
10 SYSTEMPATH\CodeIgniter.php(941): App\Controllers\Emprestimo->cadastrar()
11 SYSTEMPATH\CodeIgniter.php(502): CodeIgniter\CodeIgniter->runController(Object(App\Controllers\Emprestimo))
12 SYSTEMPATH\CodeIgniter.php(361): CodeIgniter\CodeIgniter->handleRequest(null, Object(Config\Cache), false)
13 FCPATH\index.php(79): CodeIgniter\CodeIgniter->run()
14 SYSTEMPATH\Commands\Server\rewrite.php(47): require_once('C:\\xampp\\htdocs\\biblioteca\\public\\index.php')
CRITICAL - 2024-06-14 00:22:25 --> ErrorException: Undefined array key "titulo"
in APPPATH\Views\livro\index.php on line 34.
 1 APPPATH\Views\livro\index.php(34): CodeIgniter\Debug\Exceptions->errorHandler(2, 'Undefined array key "titulo"', 'C:\\xampp\\htdocs\\biblioteca\\app\\Views\\livro\\index.php', 34)
 2 SYSTEMPATH\View\View.php(228): include('C:\\xampp\\htdocs\\biblioteca\\app\\Views\\livro\\index.php')
 3 SYSTEMPATH\View\View.php(231): CodeIgniter\View\View->CodeIgniter\View\{closure}()
 4 SYSTEMPATH\Common.php(1178): CodeIgniter\View\View->render('livro/index.php', [], true)
 5 APPPATH\Controllers\Livro.php(25): view('livro/index.php', [...])
 6 SYSTEMPATH\CodeIgniter.php(941): App\Controllers\Livro->index()
 7 SYSTEMPATH\CodeIgniter.php(502): CodeIgniter\CodeIgniter->runController(Object(App\Controllers\Livro))
 8 SYSTEMPATH\CodeIgniter.php(361): CodeIgniter\CodeIgniter->handleRequest(null, Object(Config\Cache), false)
 9 FCPATH\index.php(79): CodeIgniter\CodeIgniter->run()
10 SYSTEMPATH\Commands\Server\rewrite.php(47): require_once('C:\\xampp\\htdocs\\biblioteca\\public\\index.php')
CRITICAL - 2024-06-14 00:22:47 --> ErrorException: Undefined array key "titulo"
in APPPATH\Views\livro\index.php on line 34.
 1 APPPATH\Views\livro\index.php(34): CodeIgniter\Debug\Exceptions->errorHandler(2, 'Undefined array key "titulo"', 'C:\\xampp\\htdocs\\biblioteca\\app\\Views\\livro\\index.php', 34)
 2 SYSTEMPATH\View\View.php(228): include('C:\\xampp\\htdocs\\biblioteca\\app\\Views\\livro\\index.php')
 3 SYSTEMPATH\View\View.php(231): CodeIgniter\View\View->CodeIgniter\View\{closure}()
 4 SYSTEMPATH\Common.php(1178): CodeIgniter\View\View->render('livro/index.php', [], true)
 5 APPPATH\Controllers\Livro.php(25): view('livro/index.php', [...])
 6 SYSTEMPATH\CodeIgniter.php(941): App\Controllers\Livro->index()
 7 SYSTEMPATH\CodeIgniter.php(502): CodeIgniter\CodeIgniter->runController(Object(App\Controllers\Livro))
 8 SYSTEMPATH\CodeIgniter.php(361): CodeIgniter\CodeIgniter->handleRequest(null, Object(Config\Cache), false)
 9 FCPATH\index.php(79): CodeIgniter\CodeIgniter->run()
10 SYSTEMPATH\Commands\Server\rewrite.php(47): require_once('C:\\xampp\\htdocs\\biblioteca\\public\\index.php')
CRITICAL - 2024-06-14 00:28:07 --> ErrorException: Undefined array key "titulo"
in APPPATH\Views\livro\index.php on line 34.
 1 APPPATH\Views\livro\index.php(34): CodeIgniter\Debug\Exceptions->errorHandler(2, 'Undefined array key "titulo"', 'C:\\xampp\\htdocs\\biblioteca\\app\\Views\\livro\\index.php', 34)
 2 SYSTEMPATH\View\View.php(228): include('C:\\xampp\\htdocs\\biblioteca\\app\\Views\\livro\\index.php')
 3 SYSTEMPATH\View\View.php(231): CodeIgniter\View\View->CodeIgniter\View\{closure}()
 4 SYSTEMPATH\Common.php(1178): CodeIgniter\View\View->render('livro/index.php', [], true)
 5 APPPATH\Controllers\Livro.php(25): view('livro/index.php', [...])
 6 SYSTEMPATH\CodeIgniter.php(941): App\Controllers\Livro->index()
 7 SYSTEMPATH\CodeIgniter.php(502): CodeIgniter\CodeIgniter->runController(Object(App\Controllers\Livro))
 8 SYSTEMPATH\CodeIgniter.php(361): CodeIgniter\CodeIgniter->handleRequest(null, Object(Config\Cache), false)
 9 FCPATH\index.php(79): CodeIgniter\CodeIgniter->run()
10 SYSTEMPATH\Commands\Server\rewrite.php(47): require_once('C:\\xampp\\htdocs\\biblioteca\\public\\index.php')
CRITICAL - 2024-06-14 00:29:29 --> ErrorException: Undefined array key "titulo"
in APPPATH\Views\livro\index.php on line 34.
 1 APPPATH\Views\livro\index.php(34): CodeIgniter\Debug\Exceptions->errorHandler(2, 'Undefined array key "titulo"', 'C:\\xampp\\htdocs\\biblioteca\\app\\Views\\livro\\index.php', 34)
 2 SYSTEMPATH\View\View.php(228): include('C:\\xampp\\htdocs\\biblioteca\\app\\Views\\livro\\index.php')
 3 SYSTEMPATH\View\View.php(231): CodeIgniter\View\View->CodeIgniter\View\{closure}()
 4 SYSTEMPATH\Common.php(1178): CodeIgniter\View\View->render('livro/index.php', [], true)
 5 APPPATH\Controllers\Livro.php(25): view('livro/index.php', [...])
 6 SYSTEMPATH\CodeIgniter.php(941): App\Controllers\Livro->index()
 7 SYSTEMPATH\CodeIgniter.php(502): CodeIgniter\CodeIgniter->runController(Object(App\Controllers\Livro))
 8 SYSTEMPATH\CodeIgniter.php(361): CodeIgniter\CodeIgniter->handleRequest(null, Object(Config\Cache), false)
 9 FCPATH\index.php(79): CodeIgniter\CodeIgniter->run()
10 SYSTEMPATH\Commands\Server\rewrite.php(47): require_once('C:\\xampp\\htdocs\\biblioteca\\public\\index.php')
CRITICAL - 2024-06-14 00:29:51 --> ErrorException: Undefined array key "titulo"
in APPPATH\Views\livro\index.php on line 34.
 1 APPPATH\Views\livro\index.php(34): CodeIgniter\Debug\Exceptions->errorHandler(2, 'Undefined array key "titulo"', 'C:\\xampp\\htdocs\\biblioteca\\app\\Views\\livro\\index.php', 34)
 2 SYSTEMPATH\View\View.php(228): include('C:\\xampp\\htdocs\\biblioteca\\app\\Views\\livro\\index.php')
 3 SYSTEMPATH\View\View.php(231): CodeIgniter\View\View->CodeIgniter\View\{closure}()
 4 SYSTEMPATH\Common.php(1178): CodeIgniter\View\View->render('livro/index.php', [], true)
 5 APPPATH\Controllers\Livro.php(25): view('livro/index.php', [...])
 6 SYSTEMPATH\CodeIgniter.php(941): App\Controllers\Livro->index()
 7 SYSTEMPATH\CodeIgniter.php(502): CodeIgniter\CodeIgniter->runController(Object(App\Controllers\Livro))
 8 SYSTEMPATH\CodeIgniter.php(361): CodeIgniter\CodeIgniter->handleRequest(null, Object(Config\Cache), false)
 9 FCPATH\index.php(79): CodeIgniter\CodeIgniter->run()
10 SYSTEMPATH\Commands\Server\rewrite.php(47): require_once('C:\\xampp\\htdocs\\biblioteca\\public\\index.php')
CRITICAL - 2024-06-14 00:31:57 --> ErrorException: Undefined variable $lista_obras
in APPPATH\Views\livro\index.php on line 38.
 1 APPPATH\Views\livro\index.php(38): CodeIgniter\Debug\Exceptions->errorHandler(2, 'Undefined variable $lista_obras', 'C:\\xampp\\htdocs\\biblioteca\\app\\Views\\livro\\index.php', 38)
 2 SYSTEMPATH\View\View.php(228): include('C:\\xampp\\htdocs\\biblioteca\\app\\Views\\livro\\index.php')
 3 SYSTEMPATH\View\View.php(231): CodeIgniter\View\View->CodeIgniter\View\{closure}()
 4 SYSTEMPATH\Common.php(1178): CodeIgniter\View\View->render('livro/index.php', [], true)
 5 APPPATH\Controllers\Livro.php(25): view('livro/index.php', [...])
 6 SYSTEMPATH\CodeIgniter.php(941): App\Controllers\Livro->index()
 7 SYSTEMPATH\CodeIgniter.php(502): CodeIgniter\CodeIgniter->runController(Object(App\Controllers\Livro))
 8 SYSTEMPATH\CodeIgniter.php(361): CodeIgniter\CodeIgniter->handleRequest(null, Object(Config\Cache), false)
 9 FCPATH\index.php(79): CodeIgniter\CodeIgniter->run()
10 SYSTEMPATH\Commands\Server\rewrite.php(47): require_once('C:\\xampp\\htdocs\\biblioteca\\public\\index.php')
CRITICAL - 2024-06-14 00:32:02 --> ErrorException: Undefined variable $lista_obra
in APPPATH\Views\livro\index.php on line 38.
 1 APPPATH\Views\livro\index.php(38): CodeIgniter\Debug\Exceptions->errorHandler(2, 'Undefined variable $lista_obra', 'C:\\xampp\\htdocs\\biblioteca\\app\\Views\\livro\\index.php', 38)
 2 SYSTEMPATH\View\View.php(228): include('C:\\xampp\\htdocs\\biblioteca\\app\\Views\\livro\\index.php')
 3 SYSTEMPATH\View\View.php(231): CodeIgniter\View\View->CodeIgniter\View\{closure}()
 4 SYSTEMPATH\Common.php(1178): CodeIgniter\View\View->render('livro/index.php', [], true)
 5 APPPATH\Controllers\Livro.php(25): view('livro/index.php', [...])
 6 SYSTEMPATH\CodeIgniter.php(941): App\Controllers\Livro->index()
 7 SYSTEMPATH\CodeIgniter.php(502): CodeIgniter\CodeIgniter->runController(Object(App\Controllers\Livro))
 8 SYSTEMPATH\CodeIgniter.php(361): CodeIgniter\CodeIgniter->handleRequest(null, Object(Config\Cache), false)
 9 FCPATH\index.php(79): CodeIgniter\CodeIgniter->run()
10 SYSTEMPATH\Commands\Server\rewrite.php(47): require_once('C:\\xampp\\htdocs\\biblioteca\\public\\index.php')
CRITICAL - 2024-06-14 00:33:48 --> ParseError: syntax error, unexpected end of file
in APPPATH\Views\livro\index.php on line 98.
 1 SYSTEMPATH\View\View.php(231): CodeIgniter\View\View->CodeIgniter\View\{closure}()
 2 SYSTEMPATH\Common.php(1178): CodeIgniter\View\View->render('livro/index.php', [], true)
 3 APPPATH\Controllers\Livro.php(25): view('livro/index.php', [...])
 4 SYSTEMPATH\CodeIgniter.php(941): App\Controllers\Livro->index()
 5 SYSTEMPATH\CodeIgniter.php(502): CodeIgniter\CodeIgniter->runController(Object(App\Controllers\Livro))
 6 SYSTEMPATH\CodeIgniter.php(361): CodeIgniter\CodeIgniter->handleRequest(null, Object(Config\Cache), false)
 7 FCPATH\index.php(79): CodeIgniter\CodeIgniter->run()
 8 SYSTEMPATH\Commands\Server\rewrite.php(47): require_once('C:\\xampp\\htdocs\\biblioteca\\public\\index.php')
CRITICAL - 2024-06-14 00:34:25 --> ErrorException: Undefined variable $lista_obras
in APPPATH\Views\livro\index.php on line 38.
 1 APPPATH\Views\livro\index.php(38): CodeIgniter\Debug\Exceptions->errorHandler(2, 'Undefined variable $lista_obras', 'C:\\xampp\\htdocs\\biblioteca\\app\\Views\\livro\\index.php', 38)
 2 SYSTEMPATH\View\View.php(228): include('C:\\xampp\\htdocs\\biblioteca\\app\\Views\\livro\\index.php')
 3 SYSTEMPATH\View\View.php(231): CodeIgniter\View\View->CodeIgniter\View\{closure}()
 4 SYSTEMPATH\Common.php(1178): CodeIgniter\View\View->render('livro/index.php', [], true)
 5 APPPATH\Controllers\Livro.php(25): view('livro/index.php', [...])
 6 SYSTEMPATH\CodeIgniter.php(941): App\Controllers\Livro->index()
 7 SYSTEMPATH\CodeIgniter.php(502): CodeIgniter\CodeIgniter->runController(Object(App\Controllers\Livro))
 8 SYSTEMPATH\CodeIgniter.php(361): CodeIgniter\CodeIgniter->handleRequest(null, Object(Config\Cache), false)
 9 FCPATH\index.php(79): CodeIgniter\CodeIgniter->run()
10 SYSTEMPATH\Commands\Server\rewrite.php(47): require_once('C:\\xampp\\htdocs\\biblioteca\\public\\index.php')
CRITICAL - 2024-06-14 00:34:26 --> ErrorException: Undefined variable $lista_obras
in APPPATH\Views\livro\index.php on line 38.
 1 APPPATH\Views\livro\index.php(38): CodeIgniter\Debug\Exceptions->errorHandler(2, 'Undefined variable $lista_obras', 'C:\\xampp\\htdocs\\biblioteca\\app\\Views\\livro\\index.php', 38)
 2 SYSTEMPATH\View\View.php(228): include('C:\\xampp\\htdocs\\biblioteca\\app\\Views\\livro\\index.php')
 3 SYSTEMPATH\View\View.php(231): CodeIgniter\View\View->CodeIgniter\View\{closure}()
 4 SYSTEMPATH\Common.php(1178): CodeIgniter\View\View->render('livro/index.php', [], true)
 5 APPPATH\Controllers\Livro.php(25): view('livro/index.php', [...])
 6 SYSTEMPATH\CodeIgniter.php(941): App\Controllers\Livro->index()
 7 SYSTEMPATH\CodeIgniter.php(502): CodeIgniter\CodeIgniter->runController(Object(App\Controllers\Livro))
 8 SYSTEMPATH\CodeIgniter.php(361): CodeIgniter\CodeIgniter->handleRequest(null, Object(Config\Cache), false)
 9 FCPATH\index.php(79): CodeIgniter\CodeIgniter->run()
10 SYSTEMPATH\Commands\Server\rewrite.php(47): require_once('C:\\xampp\\htdocs\\biblioteca\\public\\index.php')
CRITICAL - 2024-06-14 00:36:45 --> ErrorException: Undefined variable $idDesejado
in APPPATH\Views\livro\index.php on line 34.
 1 APPPATH\Views\livro\index.php(34): CodeIgniter\Debug\Exceptions->errorHandler(2, 'Undefined variable $idDesejado', 'C:\\xampp\\htdocs\\biblioteca\\app\\Views\\livro\\index.php', 34)
 2 SYSTEMPATH\View\View.php(228): include('C:\\xampp\\htdocs\\biblioteca\\app\\Views\\livro\\index.php')
 3 SYSTEMPATH\View\View.php(231): CodeIgniter\View\View->CodeIgniter\View\{closure}()
 4 SYSTEMPATH\Common.php(1178): CodeIgniter\View\View->render('livro/index.php', [], true)
 5 APPPATH\Controllers\Livro.php(25): view('livro/index.php', [...])
 6 SYSTEMPATH\CodeIgniter.php(941): App\Controllers\Livro->index()
 7 SYSTEMPATH\CodeIgniter.php(502): CodeIgniter\CodeIgniter->runController(Object(App\Controllers\Livro))
 8 SYSTEMPATH\CodeIgniter.php(361): CodeIgniter\CodeIgniter->handleRequest(null, Object(Config\Cache), false)
 9 FCPATH\index.php(79): CodeIgniter\CodeIgniter->run()
10 SYSTEMPATH\Commands\Server\rewrite.php(47): require_once('C:\\xampp\\htdocs\\biblioteca\\public\\index.php')
